Error Report - 2017-05-24 11-14-42

Exception Object
(
    [message:protected] => Failed to insert polygons: Column count doesn't match value count at row 1
    [string:Exception:private] => 
    [code:protected] => 0
    [file:protected] => E:\Programming\Code Cabin\htdocs\wp-content\plugins\wp-google-maps\php\class.v7-database-migrator.php
    [line:protected] => 347
    [trace:Exception:private] => Array
        (
            [0] => Array
                (
                    [file] => E:\Programming\Code Cabin\htdocs\wp-content\plugins\wp-google-maps\php\class.v7-database-migrator.php
                    [line] => 90
                    [function] => migratePolygons
                    [class] => WPGMZA\V7DatabaseMigrator
                    [type] => ->
                    [args] => Array
                        (
                        )

                )

            [1] => Array
                (
                    [file] => E:\Programming\Code Cabin\htdocs\wp-content\plugins\wp-google-maps\php\class.installer.php
                    [line] => 29
                    [function] => migrate
                    [class] => WPGMZA\V7DatabaseMigrator
                    [type] => ->
                    [args] => Array
                        (
                        )

                )

            [2] => Array
                (
                    [file] => E:\Programming\Code Cabin\htdocs\wp-content\plugins\wp-google-maps\php\class.plugin.php
                    [line] => 65
                    [function] => run
                    [class] => WPGMZA\Installer
                    [type] => ->
                    [args] => Array
                        (
                        )

                )

            [3] => Array
                (
                    [file] => E:\Programming\Code Cabin\htdocs\wp-content\plugins\wp-google-maps\php\class.migration-wizard.php
                    [line] => 21
                    [function] => install
                    [class] => WPGMZA\Plugin
                    [type] => ::
                    [args] => Array
                        (
                        )

                )

            [4] => Array
                (
                    [file] => E:\Programming\Code Cabin\htdocs\wp-content\plugins\wp-google-maps\php\class.plugin.php
                    [line] => 345
                    [function] => __construct
                    [class] => WPGMZA\MigrationWizard
                    [type] => ->
                    [args] => Array
                        (
                        )

                )

            [5] => Array
                (
                    [function] => showAdminPage
                    [class] => WPGMZA\Plugin
                    [type] => ->
                    [args] => Array
                        (
                            [0] => 
                        )

                )

            [6] => Array
                (
                    [file] => E:\Programming\Code Cabin\htdocs\wp-includes\class-wp-hook.php
                    [line] => 298
                    [function] => call_user_func_array
                    [args] => Array
                        (
                            [0] => Array
                                (
                                    [0] => WPGMZA\ProPlugin Object
                                        (
                                            [exporters] => Array
                                                (
                                                    [0] => WPGMZA\CSVExporter
                                                    [1] => WPGMZA\XMLExporter
                                                )

                                            [importers] => Array
                                                (
                                                    [0] => WPGMZA\CSVImporter
                                                    [1] => WPGMZA\XMLImporter
                                                )

                                        )

                                    [1] => showAdminPage
                                )

                            [1] => Array
                                (
                                    [0] => 
                                )

                        )

                )

            [7] => Array
                (
                    [file] => E:\Programming\Code Cabin\htdocs\wp-includes\class-wp-hook.php
                    [line] => 323
                    [function] => apply_filters
                    [class] => WP_Hook
                    [type] => ->
                    [args] => Array
                        (
                            [0] => 
                            [1] => Array
                                (
                                    [0] => 
                                )

                        )

                )

            [8] => Array
                (
                    [file] => E:\Programming\Code Cabin\htdocs\wp-includes\plugin.php
                    [line] => 453
                    [function] => do_action
                    [class] => WP_Hook
                    [type] => ->
                    [args] => Array
                        (
                            [0] => Array
                                (
                                    [0] => 
                                )

                        )

                )

            [9] => Array
                (
                    [file] => E:\Programming\Code Cabin\htdocs\wp-admin\admin.php
                    [line] => 222
                    [function] => do_action
                    [args] => Array
                        (
                            [0] => maps_page_wp-google-maps-menu-settings
                        )

                )

        )

    [previous:Exception:private] => 
)
