2019-01-22 12:55:19 :-	Scanning dependencies
2019-01-22 12:55:19 :-	Reading C:\xampp\htdocs\test\fresh\wp-content\plugins\wp-google-maps/js/v8/circle.js
2019-01-22 12:55:19 :-	Found wpgmza-circle
2019-01-22 12:55:19 :-	Adding dependency wpgmza-map-object
2019-01-22 12:55:19 :-	Reading C:\xampp\htdocs\test\fresh\wp-content\plugins\wp-google-maps/js/v8/compatibility.js
2019-01-22 12:55:19 :-	Found wpgmza-compatibility
2019-01-22 12:55:19 :-	Adding dependency wpgmza
2019-01-22 12:55:19 :-	Reading C:\xampp\htdocs\test\fresh\wp-content\plugins\wp-google-maps/js/v8/core.js
2019-01-22 12:55:19 :-	Found wpgmza
2019-01-22 12:55:19 :-	Reading C:\xampp\htdocs\test\fresh\wp-content\plugins\wp-google-maps/js/v8/css-escape.js
2019-01-22 12:55:19 :-	Found wpgmza-css
2019-01-22 12:55:19 :-	Adding dependency wpgmza
2019-01-22 12:55:19 :-	Reading C:\xampp\htdocs\test\fresh\wp-content\plugins\wp-google-maps/js/v8/distance.js
2019-01-22 12:55:19 :-	Found wpgmza-distance
2019-01-22 12:55:19 :-	Adding dependency wpgmza
2019-01-22 12:55:19 :-	Reading C:\xampp\htdocs\test\fresh\wp-content\plugins\wp-google-maps/js/v8/event-dispatcher.js
2019-01-22 12:55:19 :-	Found wpgmza-event-dispatcher
2019-01-22 12:55:19 :-	Adding dependency wpgmza
2019-01-22 12:55:19 :-	Reading C:\xampp\htdocs\test\fresh\wp-content\plugins\wp-google-maps/js/v8/event.js
2019-01-22 12:55:19 :-	Found wpgmza-event
2019-01-22 12:55:19 :-	Adding dependency wpgmza
2019-01-22 12:55:19 :-	Reading C:\xampp\htdocs\test\fresh\wp-content\plugins\wp-google-maps/js/v8/friendly-error.js
2019-01-22 12:55:19 :-	Found wpgmza-friendly-error
2019-01-22 12:55:19 :-	Adding dependency wpgmza
2019-01-22 12:55:19 :-	Reading C:\xampp\htdocs\test\fresh\wp-content\plugins\wp-google-maps/js/v8/geocoder.js
2019-01-22 12:55:19 :-	Found wpgmza-geocoder
2019-01-22 12:55:19 :-	Adding dependency wpgmza
2019-01-22 12:55:19 :-	Reading C:\xampp\htdocs\test\fresh\wp-content\plugins\wp-google-maps/js/v8/google-api-error-handler.js
2019-01-22 12:55:19 :-	Found wpgmza-google-api-error-handler
2019-01-22 12:55:19 :-	Adding dependency wpgmza
2019-01-22 12:55:19 :-	Reading C:\xampp\htdocs\test\fresh\wp-content\plugins\wp-google-maps/js/v8/info-window.js
2019-01-22 12:55:19 :-	Found wpgmza-info-window
2019-01-22 12:55:19 :-	Adding dependency wpgmza-event-dispatcher
2019-01-22 12:55:19 :-	Reading C:\xampp\htdocs\test\fresh\wp-content\plugins\wp-google-maps/js/v8/latlng.js
2019-01-22 12:55:19 :-	Found wpgmza-lat-lng
2019-01-22 12:55:19 :-	Adding dependency wpgmza
2019-01-22 12:55:19 :-	Reading C:\xampp\htdocs\test\fresh\wp-content\plugins\wp-google-maps/js/v8/latlngbounds.js
2019-01-22 12:55:19 :-	Found wpgmza-lat-lng-bounds
2019-01-22 12:55:19 :-	Adding dependency wpgmza
2019-01-22 12:55:19 :-	Reading C:\xampp\htdocs\test\fresh\wp-content\plugins\wp-google-maps/js/v8/map-object.js
2019-01-22 12:55:19 :-	Found wpgmza-map-object
2019-01-22 12:55:19 :-	Adding dependency wpgmza-event-dispatcher
2019-01-22 12:55:19 :-	Reading C:\xampp\htdocs\test\fresh\wp-content\plugins\wp-google-maps/js/v8/map-settings-page.js
2019-01-22 12:55:19 :-	Found wpgmza-map-settings-page
2019-01-22 12:55:19 :-	Adding dependency wpgmza
2019-01-22 12:55:19 :-	Reading C:\xampp\htdocs\test\fresh\wp-content\plugins\wp-google-maps/js/v8/map-settings.js
2019-01-22 12:55:19 :-	Found wpgmza-map-settings
2019-01-22 12:55:19 :-	Adding dependency wpgmza
2019-01-22 12:55:19 :-	Reading C:\xampp\htdocs\test\fresh\wp-content\plugins\wp-google-maps/js/v8/map.js
2019-01-22 12:55:19 :-	Found wpgmza-map
2019-01-22 12:55:19 :-	Adding dependency wpgmza-event-dispatcher
2019-01-22 12:55:19 :-	Reading C:\xampp\htdocs\test\fresh\wp-content\plugins\wp-google-maps/js/v8/maps-engine-dialog.js
2019-01-22 12:55:19 :-	Found wpgmza-maps-engine-dialog
2019-01-22 12:55:19 :-	Adding dependency wpgmza
2019-01-22 12:55:19 :-	Reading C:\xampp\htdocs\test\fresh\wp-content\plugins\wp-google-maps/js/v8/marker.js
2019-01-22 12:55:19 :-	Found wpgmza-marker
2019-01-22 12:55:19 :-	Adding dependency wpgmza
2019-01-22 12:55:19 :-	Reading C:\xampp\htdocs\test\fresh\wp-content\plugins\wp-google-maps/js/v8/modern-store-locator-circle.js
2019-01-22 12:55:19 :-	Found wpgmza-modern-store-locator-circle
2019-01-22 12:55:19 :-	Adding dependency wpgmza
2019-01-22 12:55:19 :-	Reading C:\xampp\htdocs\test\fresh\wp-content\plugins\wp-google-maps/js/v8/modern-store-locator.js
2019-01-22 12:55:19 :-	Found wpgmza-modern-store-locator
2019-01-22 12:55:19 :-	Adding dependency wpgmza
2019-01-22 12:55:19 :-	Reading C:\xampp\htdocs\test\fresh\wp-content\plugins\wp-google-maps/js/v8/native-maps-icon.js
2019-01-22 12:55:19 :-	Found wpgmza-native-maps-app-icon
2019-01-22 12:55:19 :-	Adding dependency wpgmza
2019-01-22 12:55:19 :-	Reading C:\xampp\htdocs\test\fresh\wp-content\plugins\wp-google-maps/js/v8/polygon.js
2019-01-22 12:55:19 :-	Found wpgmza-polygon
2019-01-22 12:55:19 :-	Adding dependency wpgmza-map-object
2019-01-22 12:55:19 :-	Reading C:\xampp\htdocs\test\fresh\wp-content\plugins\wp-google-maps/js/v8/polyline.js
2019-01-22 12:55:19 :-	Found wpgmza-polyline
2019-01-22 12:55:19 :-	Adding dependency wpgmza-map-object
2019-01-22 12:55:19 :-	Reading C:\xampp\htdocs\test\fresh\wp-content\plugins\wp-google-maps/js/v8/popout-panel.js
2019-01-22 12:55:19 :-	Found wpgmza-popout-panel
2019-01-22 12:55:19 :-	Adding dependency wpgmza
2019-01-22 12:55:19 :-	Reading C:\xampp\htdocs\test\fresh\wp-content\plugins\wp-google-maps/js/v8/rest-api.js
2019-01-22 12:55:19 :-	Found wpgmza-wpgmza-rest-api
2019-01-22 12:55:19 :-	Adding dependency wpgmza
2019-01-22 12:55:19 :-	Reading C:\xampp\htdocs\test\fresh\wp-content\plugins\wp-google-maps/js/v8/v7-custom-script.js
2019-01-22 12:55:19 :-	Reading C:\xampp\htdocs\test\fresh\wp-content\plugins\wp-google-maps/js/v8/version.js
2019-01-22 12:55:19 :-	Found wpgmza-version
2019-01-22 12:55:19 :-	Adding dependency wpgmza
2019-01-22 12:55:19 :-	Reading C:\xampp\htdocs\test\fresh\wp-content\plugins\wp-google-maps/js/v8/3rd-party-integration/integration.js
2019-01-22 12:55:19 :-	Found wpgmza-integration
2019-01-22 12:55:19 :-	Adding dependency wpgmza
2019-01-22 12:55:19 :-	Reading C:\xampp\htdocs\test\fresh\wp-content\plugins\wp-google-maps/js/v8/3rd-party-integration/gutenberg/dist/gutenberg.js
2019-01-22 12:55:19 :-	Found wpgmza-gutenberg
2019-01-22 12:55:19 :-	Adding dependency wpgmza-integration
2019-01-22 12:55:19 :-	Adding dependency wp-i18n
2019-01-22 12:55:19 :-	Adding dependency wp-blocks
2019-01-22 12:55:20 :-	Adding dependency wp-editor
2019-01-22 12:55:20 :-	Adding dependency wp-components
2019-01-22 12:55:20 :-	Reading C:\xampp\htdocs\test\fresh\wp-content\plugins\wp-google-maps/js/v8/compatibility/google-ui-compatibility.js
2019-01-22 12:55:20 :-	Found wpgmza-google-ui-compatibility
2019-01-22 12:55:20 :-	Adding dependency wpgmza
2019-01-22 12:55:20 :-	Reading C:\xampp\htdocs\test\fresh\wp-content\plugins\wp-google-maps/js/v8/google-maps/google-circle.js
2019-01-22 12:55:20 :-	Found wpgmza-google-circle
2019-01-22 12:55:20 :-	Adding dependency wpgmza-circle
2019-01-22 12:55:20 :-	Reading C:\xampp\htdocs\test\fresh\wp-content\plugins\wp-google-maps/js/v8/google-maps/google-geocoder.js
2019-01-22 12:55:20 :-	Found wpgmza-google-geocoder
2019-01-22 12:55:20 :-	Adding dependency wpgmza-geocoder
2019-01-22 12:55:20 :-	Reading C:\xampp\htdocs\test\fresh\wp-content\plugins\wp-google-maps/js/v8/google-maps/google-info-window.js
2019-01-22 12:55:20 :-	Found wpgmza-google-info-window
2019-01-22 12:55:20 :-	Adding dependency wpgmza-info-window
2019-01-22 12:55:20 :-	Reading C:\xampp\htdocs\test\fresh\wp-content\plugins\wp-google-maps/js/v8/google-maps/google-map.js
2019-01-22 12:55:20 :-	Found wpgmza-google-map
2019-01-22 12:55:20 :-	Adding dependency wpgmza-map
2019-01-22 12:55:20 :-	Reading C:\xampp\htdocs\test\fresh\wp-content\plugins\wp-google-maps/js/v8/google-maps/google-marker.js
2019-01-22 12:55:20 :-	Found wpgmza-google-marker
2019-01-22 12:55:20 :-	Adding dependency wpgmza-marker
2019-01-22 12:55:20 :-	Reading C:\xampp\htdocs\test\fresh\wp-content\plugins\wp-google-maps/js/v8/google-maps/google-modern-store-locator-circle.js
2019-01-22 12:55:20 :-	Found wpgmza-google-modern-store-locator-circle
2019-01-22 12:55:20 :-	Adding dependency wpgmza-modern-store-locator-circle
2019-01-22 12:55:20 :-	Reading C:\xampp\htdocs\test\fresh\wp-content\plugins\wp-google-maps/js/v8/google-maps/google-modern-store-locator.js
2019-01-22 12:55:20 :-	Found wpgmza-google-modern-store-locator
2019-01-22 12:55:20 :-	Adding dependency wpgmza-modern-store-locator
2019-01-22 12:55:20 :-	Reading C:\xampp\htdocs\test\fresh\wp-content\plugins\wp-google-maps/js/v8/google-maps/google-polygon.js
2019-01-22 12:55:20 :-	Found wpgmza-google-polygon
2019-01-22 12:55:20 :-	Adding dependency wpgmza-polygon
2019-01-22 12:55:20 :-	Reading C:\xampp\htdocs\test\fresh\wp-content\plugins\wp-google-maps/js/v8/google-maps/google-polyline.js
2019-01-22 12:55:20 :-	Found wpgmza-google-polyline
2019-01-22 12:55:20 :-	Adding dependency wpgmza-polyline
2019-01-22 12:55:20 :-	Reading C:\xampp\htdocs\test\fresh\wp-content\plugins\wp-google-maps/js/v8/google-maps/google-vertex-context-menu.js
2019-01-22 12:55:20 :-	Found wpgmza-google-vertex-context-menu
2019-01-22 12:55:20 :-	Adding dependency wpgmza_api_call
2019-01-22 12:55:20 :-	Reading C:\xampp\htdocs\test\fresh\wp-content\plugins\wp-google-maps/js/v8/open-layers/ol-circle.js
2019-01-22 12:55:20 :-	Found wpgmza-ol-circle
2019-01-22 12:55:20 :-	Adding dependency wpgmza-circle
2019-01-22 12:55:20 :-	Reading C:\xampp\htdocs\test\fresh\wp-content\plugins\wp-google-maps/js/v8/open-layers/ol-geocoder.js
2019-01-22 12:55:20 :-	Found wpgmza-ol-geocoder
2019-01-22 12:55:20 :-	Adding dependency wpgmza-geocoder
2019-01-22 12:55:20 :-	Reading C:\xampp\htdocs\test\fresh\wp-content\plugins\wp-google-maps/js/v8/open-layers/ol-info-window.js
2019-01-22 12:55:20 :-	Found wpgmza-ol-info-window
2019-01-22 12:55:20 :-	Adding dependency wpgmza-info-window
2019-01-22 12:55:20 :-	Reading C:\xampp\htdocs\test\fresh\wp-content\plugins\wp-google-maps/js/v8/open-layers/ol-map.js
2019-01-22 12:55:20 :-	Found wpgmza-ol-map
2019-01-22 12:55:20 :-	Adding dependency wpgmza-map
2019-01-22 12:55:20 :-	Reading C:\xampp\htdocs\test\fresh\wp-content\plugins\wp-google-maps/js/v8/open-layers/ol-marker.js
2019-01-22 12:55:20 :-	Found wpgmza-ol-marker
2019-01-22 12:55:20 :-	Adding dependency wpgmza-marker
2019-01-22 12:55:20 :-	Reading C:\xampp\htdocs\test\fresh\wp-content\plugins\wp-google-maps/js/v8/open-layers/ol-modern-store-locator-circle.js
2019-01-22 12:55:20 :-	Found wpgmza-ol-modern-store-locator-circle
2019-01-22 12:55:20 :-	Adding dependency wpgmza-modern-store-locator-circle
2019-01-22 12:55:20 :-	Reading C:\xampp\htdocs\test\fresh\wp-content\plugins\wp-google-maps/js/v8/open-layers/ol-modern-store-locator.js
2019-01-22 12:55:20 :-	Found wpgmza-ol-modern-store-locator
2019-01-22 12:55:20 :-	Adding dependency wpgmza-modern-store-locator
2019-01-22 12:55:20 :-	Reading C:\xampp\htdocs\test\fresh\wp-content\plugins\wp-google-maps/js/v8/open-layers/ol-polygon.js
2019-01-22 12:55:20 :-	Found wpgmza-ol-polygon
2019-01-22 12:55:20 :-	Adding dependency wpgmza-polygon
2019-01-22 12:55:20 :-	Reading C:\xampp\htdocs\test\fresh\wp-content\plugins\wp-google-maps/js/v8/open-layers/ol-polyline.js
2019-01-22 12:55:20 :-	Found wpgmza-ol-polyline
2019-01-22 12:55:20 :-	Adding dependency wpgmza-polyline
2019-01-22 12:55:20 :-	Scanning dependencies
2019-01-22 12:55:20 :-	Reading C:\xampp\htdocs\test\fresh\wp-content\plugins\wp-google-maps/js/v8/circle.js
2019-01-22 12:55:20 :-	Found wpgmza-circle
2019-01-22 12:55:20 :-	Adding dependency wpgmza-map-object
2019-01-22 12:55:20 :-	Reading C:\xampp\htdocs\test\fresh\wp-content\plugins\wp-google-maps/js/v8/compatibility.js
2019-01-22 12:55:20 :-	Found wpgmza-compatibility
2019-01-22 12:55:20 :-	Adding dependency wpgmza
2019-01-22 12:55:20 :-	Reading C:\xampp\htdocs\test\fresh\wp-content\plugins\wp-google-maps/js/v8/core.js
2019-01-22 12:55:20 :-	Found wpgmza
2019-01-22 12:55:20 :-	Reading C:\xampp\htdocs\test\fresh\wp-content\plugins\wp-google-maps/js/v8/css-escape.js
2019-01-22 12:55:20 :-	Found wpgmza-css
2019-01-22 12:55:20 :-	Adding dependency wpgmza
2019-01-22 12:55:20 :-	Reading C:\xampp\htdocs\test\fresh\wp-content\plugins\wp-google-maps/js/v8/distance.js
2019-01-22 12:55:20 :-	Found wpgmza-distance
2019-01-22 12:55:20 :-	Adding dependency wpgmza
2019-01-22 12:55:20 :-	Reading C:\xampp\htdocs\test\fresh\wp-content\plugins\wp-google-maps/js/v8/event-dispatcher.js
2019-01-22 12:55:20 :-	Found wpgmza-event-dispatcher
2019-01-22 12:55:20 :-	Adding dependency wpgmza
2019-01-22 12:55:20 :-	Reading C:\xampp\htdocs\test\fresh\wp-content\plugins\wp-google-maps/js/v8/event.js
2019-01-22 12:55:20 :-	Found wpgmza-event
2019-01-22 12:55:20 :-	Adding dependency wpgmza
2019-01-22 12:55:20 :-	Reading C:\xampp\htdocs\test\fresh\wp-content\plugins\wp-google-maps/js/v8/friendly-error.js
2019-01-22 12:55:20 :-	Found wpgmza-friendly-error
2019-01-22 12:55:20 :-	Adding dependency wpgmza
2019-01-22 12:55:20 :-	Reading C:\xampp\htdocs\test\fresh\wp-content\plugins\wp-google-maps/js/v8/geocoder.js
2019-01-22 12:55:20 :-	Found wpgmza-geocoder
2019-01-22 12:55:20 :-	Adding dependency wpgmza
2019-01-22 12:55:20 :-	Reading C:\xampp\htdocs\test\fresh\wp-content\plugins\wp-google-maps/js/v8/google-api-error-handler.js
2019-01-22 12:55:20 :-	Found wpgmza-google-api-error-handler
2019-01-22 12:55:20 :-	Adding dependency wpgmza
2019-01-22 12:55:20 :-	Reading C:\xampp\htdocs\test\fresh\wp-content\plugins\wp-google-maps/js/v8/info-window.js
2019-01-22 12:55:20 :-	Found wpgmza-info-window
2019-01-22 12:55:20 :-	Adding dependency wpgmza-event-dispatcher
2019-01-22 12:55:20 :-	Reading C:\xampp\htdocs\test\fresh\wp-content\plugins\wp-google-maps/js/v8/latlng.js
2019-01-22 12:55:20 :-	Found wpgmza-lat-lng
2019-01-22 12:55:20 :-	Adding dependency wpgmza
2019-01-22 12:55:20 :-	Reading C:\xampp\htdocs\test\fresh\wp-content\plugins\wp-google-maps/js/v8/latlngbounds.js
2019-01-22 12:55:20 :-	Found wpgmza-lat-lng-bounds
2019-01-22 12:55:20 :-	Adding dependency wpgmza
2019-01-22 12:55:20 :-	Reading C:\xampp\htdocs\test\fresh\wp-content\plugins\wp-google-maps/js/v8/map-object.js
2019-01-22 12:55:20 :-	Found wpgmza-map-object
2019-01-22 12:55:20 :-	Adding dependency wpgmza-event-dispatcher
2019-01-22 12:55:20 :-	Reading C:\xampp\htdocs\test\fresh\wp-content\plugins\wp-google-maps/js/v8/map-settings-page.js
2019-01-22 12:55:20 :-	Found wpgmza-map-settings-page
2019-01-22 12:55:20 :-	Adding dependency wpgmza
2019-01-22 12:55:20 :-	Reading C:\xampp\htdocs\test\fresh\wp-content\plugins\wp-google-maps/js/v8/map-settings.js
2019-01-22 12:55:20 :-	Found wpgmza-map-settings
2019-01-22 12:55:20 :-	Adding dependency wpgmza
2019-01-22 12:55:20 :-	Reading C:\xampp\htdocs\test\fresh\wp-content\plugins\wp-google-maps/js/v8/map.js
2019-01-22 12:55:20 :-	Found wpgmza-map
2019-01-22 12:55:20 :-	Adding dependency wpgmza-event-dispatcher
2019-01-22 12:55:20 :-	Reading C:\xampp\htdocs\test\fresh\wp-content\plugins\wp-google-maps/js/v8/maps-engine-dialog.js
2019-01-22 12:55:20 :-	Found wpgmza-maps-engine-dialog
2019-01-22 12:55:20 :-	Adding dependency wpgmza
2019-01-22 12:55:20 :-	Reading C:\xampp\htdocs\test\fresh\wp-content\plugins\wp-google-maps/js/v8/marker.js
2019-01-22 12:55:20 :-	Found wpgmza-marker
2019-01-22 12:55:20 :-	Adding dependency wpgmza
2019-01-22 12:55:20 :-	Reading C:\xampp\htdocs\test\fresh\wp-content\plugins\wp-google-maps/js/v8/modern-store-locator-circle.js
2019-01-22 12:55:20 :-	Found wpgmza-modern-store-locator-circle
2019-01-22 12:55:20 :-	Adding dependency wpgmza
2019-01-22 12:55:20 :-	Reading C:\xampp\htdocs\test\fresh\wp-content\plugins\wp-google-maps/js/v8/modern-store-locator.js
2019-01-22 12:55:20 :-	Found wpgmza-modern-store-locator
2019-01-22 12:55:20 :-	Adding dependency wpgmza
2019-01-22 12:55:20 :-	Reading C:\xampp\htdocs\test\fresh\wp-content\plugins\wp-google-maps/js/v8/native-maps-icon.js
2019-01-22 12:55:20 :-	Found wpgmza-native-maps-app-icon
2019-01-22 12:55:20 :-	Adding dependency wpgmza
2019-01-22 12:55:20 :-	Reading C:\xampp\htdocs\test\fresh\wp-content\plugins\wp-google-maps/js/v8/polygon.js
2019-01-22 12:55:20 :-	Found wpgmza-polygon
2019-01-22 12:55:20 :-	Adding dependency wpgmza-map-object
2019-01-22 12:55:20 :-	Reading C:\xampp\htdocs\test\fresh\wp-content\plugins\wp-google-maps/js/v8/polyline.js
2019-01-22 12:55:20 :-	Found wpgmza-polyline
2019-01-22 12:55:21 :-	Adding dependency wpgmza-map-object
2019-01-22 12:55:21 :-	Reading C:\xampp\htdocs\test\fresh\wp-content\plugins\wp-google-maps/js/v8/popout-panel.js
2019-01-22 12:55:21 :-	Found wpgmza-popout-panel
2019-01-22 12:55:21 :-	Adding dependency wpgmza
2019-01-22 12:55:21 :-	Reading C:\xampp\htdocs\test\fresh\wp-content\plugins\wp-google-maps/js/v8/rest-api.js
2019-01-22 12:55:21 :-	Found wpgmza-wpgmza-rest-api
2019-01-22 12:55:21 :-	Adding dependency wpgmza
2019-01-22 12:55:21 :-	Reading C:\xampp\htdocs\test\fresh\wp-content\plugins\wp-google-maps/js/v8/v7-custom-script.js
2019-01-22 12:55:21 :-	Reading C:\xampp\htdocs\test\fresh\wp-content\plugins\wp-google-maps/js/v8/version.js
2019-01-22 12:55:21 :-	Found wpgmza-version
2019-01-22 12:55:21 :-	Adding dependency wpgmza
2019-01-22 12:55:21 :-	Reading C:\xampp\htdocs\test\fresh\wp-content\plugins\wp-google-maps/js/v8/3rd-party-integration/integration.js
2019-01-22 12:55:21 :-	Found wpgmza-integration
2019-01-22 12:55:21 :-	Adding dependency wpgmza
2019-01-22 12:55:21 :-	Reading C:\xampp\htdocs\test\fresh\wp-content\plugins\wp-google-maps/js/v8/3rd-party-integration/gutenberg/dist/gutenberg.js
2019-01-22 12:55:21 :-	Found wpgmza-gutenberg
2019-01-22 12:55:21 :-	Adding dependency wpgmza-integration
2019-01-22 12:55:21 :-	Adding dependency wp-i18n
2019-01-22 12:55:21 :-	Adding dependency wp-blocks
2019-01-22 12:55:21 :-	Adding dependency wp-editor
2019-01-22 12:55:21 :-	Adding dependency wp-components
2019-01-22 12:55:21 :-	Reading C:\xampp\htdocs\test\fresh\wp-content\plugins\wp-google-maps/js/v8/compatibility/google-ui-compatibility.js
2019-01-22 12:55:21 :-	Found wpgmza-google-ui-compatibility
2019-01-22 12:55:21 :-	Adding dependency wpgmza
2019-01-22 12:55:21 :-	Reading C:\xampp\htdocs\test\fresh\wp-content\plugins\wp-google-maps/js/v8/google-maps/google-circle.js
2019-01-22 12:55:21 :-	Found wpgmza-google-circle
2019-01-22 12:55:21 :-	Adding dependency wpgmza-circle
2019-01-22 12:55:21 :-	Reading C:\xampp\htdocs\test\fresh\wp-content\plugins\wp-google-maps/js/v8/google-maps/google-geocoder.js
2019-01-22 12:55:21 :-	Found wpgmza-google-geocoder
2019-01-22 12:55:21 :-	Adding dependency wpgmza-geocoder
2019-01-22 12:55:21 :-	Reading C:\xampp\htdocs\test\fresh\wp-content\plugins\wp-google-maps/js/v8/google-maps/google-info-window.js
2019-01-22 12:55:21 :-	Found wpgmza-google-info-window
2019-01-22 12:55:21 :-	Adding dependency wpgmza-info-window
2019-01-22 12:55:21 :-	Reading C:\xampp\htdocs\test\fresh\wp-content\plugins\wp-google-maps/js/v8/google-maps/google-map.js
2019-01-22 12:55:21 :-	Found wpgmza-google-map
2019-01-22 12:55:21 :-	Adding dependency wpgmza-map
2019-01-22 12:55:21 :-	Reading C:\xampp\htdocs\test\fresh\wp-content\plugins\wp-google-maps/js/v8/google-maps/google-marker.js
2019-01-22 12:55:21 :-	Found wpgmza-google-marker
2019-01-22 12:55:21 :-	Adding dependency wpgmza-marker
2019-01-22 12:55:21 :-	Reading C:\xampp\htdocs\test\fresh\wp-content\plugins\wp-google-maps/js/v8/google-maps/google-modern-store-locator-circle.js
2019-01-22 12:55:21 :-	Found wpgmza-google-modern-store-locator-circle
2019-01-22 12:55:21 :-	Adding dependency wpgmza-modern-store-locator-circle
2019-01-22 12:55:21 :-	Reading C:\xampp\htdocs\test\fresh\wp-content\plugins\wp-google-maps/js/v8/google-maps/google-modern-store-locator.js
2019-01-22 12:55:21 :-	Found wpgmza-google-modern-store-locator
2019-01-22 12:55:21 :-	Adding dependency wpgmza-modern-store-locator
2019-01-22 12:55:21 :-	Reading C:\xampp\htdocs\test\fresh\wp-content\plugins\wp-google-maps/js/v8/google-maps/google-polygon.js
2019-01-22 12:55:21 :-	Found wpgmza-google-polygon
2019-01-22 12:55:21 :-	Adding dependency wpgmza-polygon
2019-01-22 12:55:21 :-	Reading C:\xampp\htdocs\test\fresh\wp-content\plugins\wp-google-maps/js/v8/google-maps/google-polyline.js
2019-01-22 12:55:21 :-	Found wpgmza-google-polyline
2019-01-22 12:55:21 :-	Adding dependency wpgmza-polyline
2019-01-22 12:55:21 :-	Reading C:\xampp\htdocs\test\fresh\wp-content\plugins\wp-google-maps/js/v8/google-maps/google-vertex-context-menu.js
2019-01-22 12:55:21 :-	Found wpgmza-google-vertex-context-menu
2019-01-22 12:55:21 :-	Adding dependency wpgmza_api_call
2019-01-22 12:55:21 :-	Reading C:\xampp\htdocs\test\fresh\wp-content\plugins\wp-google-maps/js/v8/open-layers/ol-circle.js
2019-01-22 12:55:21 :-	Found wpgmza-ol-circle
2019-01-22 12:55:21 :-	Adding dependency wpgmza-circle
2019-01-22 12:55:21 :-	Reading C:\xampp\htdocs\test\fresh\wp-content\plugins\wp-google-maps/js/v8/open-layers/ol-geocoder.js
2019-01-22 12:55:21 :-	Found wpgmza-ol-geocoder
2019-01-22 12:55:21 :-	Adding dependency wpgmza-geocoder
2019-01-22 12:55:21 :-	Reading C:\xampp\htdocs\test\fresh\wp-content\plugins\wp-google-maps/js/v8/open-layers/ol-info-window.js
2019-01-22 12:55:21 :-	Found wpgmza-ol-info-window
2019-01-22 12:55:21 :-	Adding dependency wpgmza-info-window
2019-01-22 12:55:21 :-	Reading C:\xampp\htdocs\test\fresh\wp-content\plugins\wp-google-maps/js/v8/open-layers/ol-map.js
2019-01-22 12:55:21 :-	Found wpgmza-ol-map
2019-01-22 12:55:21 :-	Adding dependency wpgmza-map
2019-01-22 12:55:21 :-	Reading C:\xampp\htdocs\test\fresh\wp-content\plugins\wp-google-maps/js/v8/open-layers/ol-marker.js
2019-01-22 12:55:21 :-	Found wpgmza-ol-marker
2019-01-22 12:55:21 :-	Adding dependency wpgmza-marker
2019-01-22 12:55:21 :-	Reading C:\xampp\htdocs\test\fresh\wp-content\plugins\wp-google-maps/js/v8/open-layers/ol-modern-store-locator-circle.js
2019-01-22 12:55:21 :-	Found wpgmza-ol-modern-store-locator-circle
2019-01-22 12:55:21 :-	Adding dependency wpgmza-modern-store-locator-circle
2019-01-22 12:55:21 :-	Reading C:\xampp\htdocs\test\fresh\wp-content\plugins\wp-google-maps/js/v8/open-layers/ol-modern-store-locator.js
2019-01-22 12:55:21 :-	Found wpgmza-ol-modern-store-locator
2019-01-22 12:55:21 :-	Adding dependency wpgmza-modern-store-locator
2019-01-22 12:55:21 :-	Reading C:\xampp\htdocs\test\fresh\wp-content\plugins\wp-google-maps/js/v8/open-layers/ol-polygon.js
2019-01-22 12:55:21 :-	Found wpgmza-ol-polygon
2019-01-22 12:55:21 :-	Adding dependency wpgmza-polygon
2019-01-22 12:55:21 :-	Reading C:\xampp\htdocs\test\fresh\wp-content\plugins\wp-google-maps/js/v8/open-layers/ol-polyline.js
2019-01-22 12:55:21 :-	Found wpgmza-ol-polyline
2019-01-22 12:55:21 :-	Adding dependency wpgmza-polyline
